Determining if the pthread_create exist failed with the following output:
Change Dir: /home/omer/carla-ros-bridge/catkin_ws/build/carla_waypoint_types/CMakeFiles/CMakeTmp

Run Build Command:"/usr/bin/make" "cmTC_823e3/fast"
/usr/bin/make -f CMakeFiles/cmTC_823e3.dir/build.make CMakeFiles/cmTC_823e3.dir/build
make[1]: Entering directory '/home/omer/carla-ros-bridge/catkin_ws/build/carla_waypoint_types/CMakeFiles/CMakeTmp'
Building C object CMakeFiles/cmTC_823e3.dir/CheckSymbolExists.c.o
/usr/bin/cc    -o CMakeFiles/cmTC_823e3.dir/CheckSymbolExists.c.o   -c /home/omer/carla-ros-bridge/catkin_ws/build/carla_waypoint_types/CMakeFiles/CMakeTmp/CheckSymbolExists.c
Linking C executable cmTC_823e3
/usr/bin/cmake -E cmake_link_script CMakeFiles/cmTC_823e3.dir/link.txt --verbose=1
/usr/bin/cc      -rdynamic CMakeFiles/cmTC_823e3.dir/CheckSymbolExists.c.o  -o cmTC_823e3 
CMakeFiles/cmTC_823e3.dir/CheckSymbolExists.c.o: In function `main':
CheckSymbolExists.c:(.text+0x1b): undefined reference to `pthread_create'
collect2: error: ld returned 1 exit status
CMakeFiles/cmTC_823e3.dir/build.make:97: recipe for target 'cmTC_823e3' failed
make[1]: *** [cmTC_823e3] Error 1
make[1]: Leaving directory '/home/omer/carla-ros-bridge/catkin_ws/build/carla_waypoint_types/CMakeFiles/CMakeTmp'
Makefile:126: recipe for target 'cmTC_823e3/fast' failed
make: *** [cmTC_823e3/fast] Error 2

File /home/omer/carla-ros-bridge/catkin_ws/build/carla_waypoint_types/CMakeFiles/CMakeTmp/CheckSymbolExists.c:
/* */
#include <pthread.h>

int main(int argc, char** argv)
{
  (void)argv;
#ifndef pthread_create
  return ((int*)(&pthread_create))[argc];
#else
  (void)argc;
  return 0;
#endif
}

Determining if the function pthread_create exists in the pthreads failed with the following output:
Change Dir: /home/omer/carla-ros-bridge/catkin_ws/build/carla_waypoint_types/CMakeFiles/CMakeTmp

Run Build Command:"/usr/bin/make" "cmTC_ec874/fast"
/usr/bin/make -f CMakeFiles/cmTC_ec874.dir/build.make CMakeFiles/cmTC_ec874.dir/build
make[1]: Entering directory '/home/omer/carla-ros-bridge/catkin_ws/build/carla_waypoint_types/CMakeFiles/CMakeTmp'
Building C object CMakeFiles/cmTC_ec874.dir/CheckFunctionExists.c.o
/usr/bin/cc   -DCHECK_FUNCTION_EXISTS=pthread_create   -o CMakeFiles/cmTC_ec874.dir/CheckFunctionExists.c.o   -c /usr/share/cmake-3.10/Modules/CheckFunctionExists.c
Linking C executable cmTC_ec874
/usr/bin/cmake -E cmake_link_script CMakeFiles/cmTC_ec874.dir/link.txt --verbose=1
/usr/bin/cc  -DCHECK_FUNCTION_EXISTS=pthread_create    -rdynamic CMakeFiles/cmTC_ec874.dir/CheckFunctionExists.c.o  -o cmTC_ec874 -lpthreads 
/usr/bin/ld: cannot find -lpthreads
collect2: error: ld returned 1 exit status
CMakeFiles/cmTC_ec874.dir/build.make:97: recipe for target 'cmTC_ec874' failed
make[1]: *** [cmTC_ec874] Error 1
make[1]: Leaving directory '/home/omer/carla-ros-bridge/catkin_ws/build/carla_waypoint_types/CMakeFiles/CMakeTmp'
Makefile:126: recipe for target 'cmTC_ec874/fast' failed
make: *** [cmTC_ec874/fast] Error 2


