Determining if the pthread_create exist failed with the following output:
Change Dir: /home/omer/carla-ros-bridge/catkin_ws/build/carla_ros_scenario_runner/CMakeFiles/CMakeTmp

Run Build Command:"/usr/bin/make" "cmTC_63d39/fast"
/usr/bin/make -f CMakeFiles/cmTC_63d39.dir/build.make CMakeFiles/cmTC_63d39.dir/build
make[1]: Entering directory '/home/omer/carla-ros-bridge/catkin_ws/build/carla_ros_scenario_runner/CMakeFiles/CMakeTmp'
Building C object CMakeFiles/cmTC_63d39.dir/CheckSymbolExists.c.o
/usr/bin/cc    -o CMakeFiles/cmTC_63d39.dir/CheckSymbolExists.c.o   -c /home/omer/carla-ros-bridge/catkin_ws/build/carla_ros_scenario_runner/CMakeFiles/CMakeTmp/CheckSymbolExists.c
Linking C executable cmTC_63d39
/usr/bin/cmake -E cmake_link_script CMakeFiles/cmTC_63d39.dir/link.txt --verbose=1
/usr/bin/cc      -rdynamic CMakeFiles/cmTC_63d39.dir/CheckSymbolExists.c.o  -o cmTC_63d39 
CMakeFiles/cmTC_63d39.dir/CheckSymbolExists.c.o: In function `main':
CheckSymbolExists.c:(.text+0x1b): undefined reference to `pthread_create'
collect2: error: ld returned 1 exit status
CMakeFiles/cmTC_63d39.dir/build.make:97: recipe for target 'cmTC_63d39' failed
make[1]: *** [cmTC_63d39] Error 1
make[1]: Leaving directory '/home/omer/carla-ros-bridge/catkin_ws/build/carla_ros_scenario_runner/CMakeFiles/CMakeTmp'
Makefile:126: recipe for target 'cmTC_63d39/fast' failed
make: *** [cmTC_63d39/fast] Error 2

File /home/omer/carla-ros-bridge/catkin_ws/build/carla_ros_scenario_runner/CMakeFiles/CMakeTmp/CheckSymbolExists.c:
/* */
#include <pthread.h>

int main(int argc, char** argv)
{
  (void)argv;
#ifndef pthread_create
  return ((int*)(&pthread_create))[argc];
#else
  (void)argc;
  return 0;
#endif
}

Determining if the function pthread_create exists in the pthreads failed with the following output:
Change Dir: /home/omer/carla-ros-bridge/catkin_ws/build/carla_ros_scenario_runner/CMakeFiles/CMakeTmp

Run Build Command:"/usr/bin/make" "cmTC_d2109/fast"
/usr/bin/make -f CMakeFiles/cmTC_d2109.dir/build.make CMakeFiles/cmTC_d2109.dir/build
make[1]: Entering directory '/home/omer/carla-ros-bridge/catkin_ws/build/carla_ros_scenario_runner/CMakeFiles/CMakeTmp'
Building C object CMakeFiles/cmTC_d2109.dir/CheckFunctionExists.c.o
/usr/bin/cc   -DCHECK_FUNCTION_EXISTS=pthread_create   -o CMakeFiles/cmTC_d2109.dir/CheckFunctionExists.c.o   -c /usr/share/cmake-3.10/Modules/CheckFunctionExists.c
Linking C executable cmTC_d2109
/usr/bin/cmake -E cmake_link_script CMakeFiles/cmTC_d2109.dir/link.txt --verbose=1
/usr/bin/cc  -DCHECK_FUNCTION_EXISTS=pthread_create    -rdynamic CMakeFiles/cmTC_d2109.dir/CheckFunctionExists.c.o  -o cmTC_d2109 -lpthreads 
/usr/bin/ld: cannot find -lpthreads
collect2: error: ld returned 1 exit status
CMakeFiles/cmTC_d2109.dir/build.make:97: recipe for target 'cmTC_d2109' failed
make[1]: *** [cmTC_d2109] Error 1
make[1]: Leaving directory '/home/omer/carla-ros-bridge/catkin_ws/build/carla_ros_scenario_runner/CMakeFiles/CMakeTmp'
Makefile:126: recipe for target 'cmTC_d2109/fast' failed
make: *** [cmTC_d2109/fast] Error 2


