Determining if the pthread_create exist failed with the following output:
Change Dir: /home/omer/carla-ros-bridge/catkin_ws/build/rqt_carla_control/CMakeFiles/CMakeTmp

Run Build Command:"/usr/bin/make" "cmTC_426ad/fast"
/usr/bin/make -f CMakeFiles/cmTC_426ad.dir/build.make CMakeFiles/cmTC_426ad.dir/build
make[1]: Entering directory '/home/omer/carla-ros-bridge/catkin_ws/build/rqt_carla_control/CMakeFiles/CMakeTmp'
Building C object CMakeFiles/cmTC_426ad.dir/CheckSymbolExists.c.o
/usr/bin/cc    -o CMakeFiles/cmTC_426ad.dir/CheckSymbolExists.c.o   -c /home/omer/carla-ros-bridge/catkin_ws/build/rqt_carla_control/CMakeFiles/CMakeTmp/CheckSymbolExists.c
Linking C executable cmTC_426ad
/usr/bin/cmake -E cmake_link_script CMakeFiles/cmTC_426ad.dir/link.txt --verbose=1
/usr/bin/cc      -rdynamic CMakeFiles/cmTC_426ad.dir/CheckSymbolExists.c.o  -o cmTC_426ad 
CMakeFiles/cmTC_426ad.dir/CheckSymbolExists.c.o: In function `main':
CheckSymbolExists.c:(.text+0x1b): undefined reference to `pthread_create'
collect2: error: ld returned 1 exit status
CMakeFiles/cmTC_426ad.dir/build.make:97: recipe for target 'cmTC_426ad' failed
make[1]: *** [cmTC_426ad] Error 1
make[1]: Leaving directory '/home/omer/carla-ros-bridge/catkin_ws/build/rqt_carla_control/CMakeFiles/CMakeTmp'
Makefile:126: recipe for target 'cmTC_426ad/fast' failed
make: *** [cmTC_426ad/fast] Error 2

File /home/omer/carla-ros-bridge/catkin_ws/build/rqt_carla_control/CMakeFiles/CMakeTmp/CheckSymbolExists.c:
/* */
#include <pthread.h>

int main(int argc, char** argv)
{
  (void)argv;
#ifndef pthread_create
  return ((int*)(&pthread_create))[argc];
#else
  (void)argc;
  return 0;
#endif
}

Determining if the function pthread_create exists in the pthreads failed with the following output:
Change Dir: /home/omer/carla-ros-bridge/catkin_ws/build/rqt_carla_control/CMakeFiles/CMakeTmp

Run Build Command:"/usr/bin/make" "cmTC_8a186/fast"
/usr/bin/make -f CMakeFiles/cmTC_8a186.dir/build.make CMakeFiles/cmTC_8a186.dir/build
make[1]: Entering directory '/home/omer/carla-ros-bridge/catkin_ws/build/rqt_carla_control/CMakeFiles/CMakeTmp'
Building C object CMakeFiles/cmTC_8a186.dir/CheckFunctionExists.c.o
/usr/bin/cc   -DCHECK_FUNCTION_EXISTS=pthread_create   -o CMakeFiles/cmTC_8a186.dir/CheckFunctionExists.c.o   -c /usr/share/cmake-3.10/Modules/CheckFunctionExists.c
Linking C executable cmTC_8a186
/usr/bin/cmake -E cmake_link_script CMakeFiles/cmTC_8a186.dir/link.txt --verbose=1
/usr/bin/cc  -DCHECK_FUNCTION_EXISTS=pthread_create    -rdynamic CMakeFiles/cmTC_8a186.dir/CheckFunctionExists.c.o  -o cmTC_8a186 -lpthreads 
/usr/bin/ld: cannot find -lpthreads
collect2: error: ld returned 1 exit status
CMakeFiles/cmTC_8a186.dir/build.make:97: recipe for target 'cmTC_8a186' failed
make[1]: *** [cmTC_8a186] Error 1
make[1]: Leaving directory '/home/omer/carla-ros-bridge/catkin_ws/build/rqt_carla_control/CMakeFiles/CMakeTmp'
Makefile:126: recipe for target 'cmTC_8a186/fast' failed
make: *** [cmTC_8a186/fast] Error 2


