Determining if the pthread_create exist failed with the following output:
Change Dir: /home/omer/carla-ros-bridge/catkin_ws/build/ros_compatibility/CMakeFiles/CMakeTmp

Run Build Command:"/usr/bin/make" "cmTC_eebac/fast"
/usr/bin/make -f CMakeFiles/cmTC_eebac.dir/build.make CMakeFiles/cmTC_eebac.dir/build
make[1]: Entering directory '/home/omer/carla-ros-bridge/catkin_ws/build/ros_compatibility/CMakeFiles/CMakeTmp'
Building C object CMakeFiles/cmTC_eebac.dir/CheckSymbolExists.c.o
/usr/bin/cc    -o CMakeFiles/cmTC_eebac.dir/CheckSymbolExists.c.o   -c /home/omer/carla-ros-bridge/catkin_ws/build/ros_compatibility/CMakeFiles/CMakeTmp/CheckSymbolExists.c
Linking C executable cmTC_eebac
/usr/bin/cmake -E cmake_link_script CMakeFiles/cmTC_eebac.dir/link.txt --verbose=1
/usr/bin/cc      -rdynamic CMakeFiles/cmTC_eebac.dir/CheckSymbolExists.c.o  -o cmTC_eebac 
CMakeFiles/cmTC_eebac.dir/CheckSymbolExists.c.o: In function `main':
CheckSymbolExists.c:(.text+0x1b): undefined reference to `pthread_create'
collect2: error: ld returned 1 exit status
CMakeFiles/cmTC_eebac.dir/build.make:97: recipe for target 'cmTC_eebac' failed
make[1]: *** [cmTC_eebac] Error 1
make[1]: Leaving directory '/home/omer/carla-ros-bridge/catkin_ws/build/ros_compatibility/CMakeFiles/CMakeTmp'
Makefile:126: recipe for target 'cmTC_eebac/fast' failed
make: *** [cmTC_eebac/fast] Error 2

File /home/omer/carla-ros-bridge/catkin_ws/build/ros_compatibility/CMakeFiles/CMakeTmp/CheckSymbolExists.c:
/* */
#include <pthread.h>

int main(int argc, char** argv)
{
  (void)argv;
#ifndef pthread_create
  return ((int*)(&pthread_create))[argc];
#else
  (void)argc;
  return 0;
#endif
}

Determining if the function pthread_create exists in the pthreads failed with the following output:
Change Dir: /home/omer/carla-ros-bridge/catkin_ws/build/ros_compatibility/CMakeFiles/CMakeTmp

Run Build Command:"/usr/bin/make" "cmTC_2ca30/fast"
/usr/bin/make -f CMakeFiles/cmTC_2ca30.dir/build.make CMakeFiles/cmTC_2ca30.dir/build
make[1]: Entering directory '/home/omer/carla-ros-bridge/catkin_ws/build/ros_compatibility/CMakeFiles/CMakeTmp'
Building C object CMakeFiles/cmTC_2ca30.dir/CheckFunctionExists.c.o
/usr/bin/cc   -DCHECK_FUNCTION_EXISTS=pthread_create   -o CMakeFiles/cmTC_2ca30.dir/CheckFunctionExists.c.o   -c /usr/share/cmake-3.10/Modules/CheckFunctionExists.c
Linking C executable cmTC_2ca30
/usr/bin/cmake -E cmake_link_script CMakeFiles/cmTC_2ca30.dir/link.txt --verbose=1
/usr/bin/cc  -DCHECK_FUNCTION_EXISTS=pthread_create    -rdynamic CMakeFiles/cmTC_2ca30.dir/CheckFunctionExists.c.o  -o cmTC_2ca30 -lpthreads 
/usr/bin/ld: cannot find -lpthreads
collect2: error: ld returned 1 exit status
CMakeFiles/cmTC_2ca30.dir/build.make:97: recipe for target 'cmTC_2ca30' failed
make[1]: *** [cmTC_2ca30] Error 1
make[1]: Leaving directory '/home/omer/carla-ros-bridge/catkin_ws/build/ros_compatibility/CMakeFiles/CMakeTmp'
Makefile:126: recipe for target 'cmTC_2ca30/fast' failed
make: *** [cmTC_2ca30/fast] Error 2


