Determining if the pthread_create exist failed with the following output:
Change Dir: /home/omer/carla-ros-bridge/catkin_ws/build/carla_ros_bridge/CMakeFiles/CMakeTmp

Run Build Command:"/usr/bin/make" "cmTC_347d3/fast"
/usr/bin/make -f CMakeFiles/cmTC_347d3.dir/build.make CMakeFiles/cmTC_347d3.dir/build
make[1]: Entering directory '/home/omer/carla-ros-bridge/catkin_ws/build/carla_ros_bridge/CMakeFiles/CMakeTmp'
Building C object CMakeFiles/cmTC_347d3.dir/CheckSymbolExists.c.o
/usr/bin/cc    -o CMakeFiles/cmTC_347d3.dir/CheckSymbolExists.c.o   -c /home/omer/carla-ros-bridge/catkin_ws/build/carla_ros_bridge/CMakeFiles/CMakeTmp/CheckSymbolExists.c
Linking C executable cmTC_347d3
/usr/bin/cmake -E cmake_link_script CMakeFiles/cmTC_347d3.dir/link.txt --verbose=1
/usr/bin/cc      -rdynamic CMakeFiles/cmTC_347d3.dir/CheckSymbolExists.c.o  -o cmTC_347d3 
CMakeFiles/cmTC_347d3.dir/CheckSymbolExists.c.o: In function `main':
CheckSymbolExists.c:(.text+0x1b): undefined reference to `pthread_create'
collect2: error: ld returned 1 exit status
CMakeFiles/cmTC_347d3.dir/build.make:97: recipe for target 'cmTC_347d3' failed
make[1]: *** [cmTC_347d3] Error 1
make[1]: Leaving directory '/home/omer/carla-ros-bridge/catkin_ws/build/carla_ros_bridge/CMakeFiles/CMakeTmp'
Makefile:126: recipe for target 'cmTC_347d3/fast' failed
make: *** [cmTC_347d3/fast] Error 2

File /home/omer/carla-ros-bridge/catkin_ws/build/carla_ros_bridge/CMakeFiles/CMakeTmp/CheckSymbolExists.c:
/* */
#include <pthread.h>

int main(int argc, char** argv)
{
  (void)argv;
#ifndef pthread_create
  return ((int*)(&pthread_create))[argc];
#else
  (void)argc;
  return 0;
#endif
}

Determining if the function pthread_create exists in the pthreads failed with the following output:
Change Dir: /home/omer/carla-ros-bridge/catkin_ws/build/carla_ros_bridge/CMakeFiles/CMakeTmp

Run Build Command:"/usr/bin/make" "cmTC_2425a/fast"
/usr/bin/make -f CMakeFiles/cmTC_2425a.dir/build.make CMakeFiles/cmTC_2425a.dir/build
make[1]: Entering directory '/home/omer/carla-ros-bridge/catkin_ws/build/carla_ros_bridge/CMakeFiles/CMakeTmp'
Building C object CMakeFiles/cmTC_2425a.dir/CheckFunctionExists.c.o
/usr/bin/cc   -DCHECK_FUNCTION_EXISTS=pthread_create   -o CMakeFiles/cmTC_2425a.dir/CheckFunctionExists.c.o   -c /usr/share/cmake-3.10/Modules/CheckFunctionExists.c
Linking C executable cmTC_2425a
/usr/bin/cmake -E cmake_link_script CMakeFiles/cmTC_2425a.dir/link.txt --verbose=1
/usr/bin/cc  -DCHECK_FUNCTION_EXISTS=pthread_create    -rdynamic CMakeFiles/cmTC_2425a.dir/CheckFunctionExists.c.o  -o cmTC_2425a -lpthreads 
/usr/bin/ld: cannot find -lpthreads
collect2: error: ld returned 1 exit status
CMakeFiles/cmTC_2425a.dir/build.make:97: recipe for target 'cmTC_2425a' failed
make[1]: *** [cmTC_2425a] Error 1
make[1]: Leaving directory '/home/omer/carla-ros-bridge/catkin_ws/build/carla_ros_bridge/CMakeFiles/CMakeTmp'
Makefile:126: recipe for target 'cmTC_2425a/fast' failed
make: *** [cmTC_2425a/fast] Error 2


